<?xml version="1.0" encoding="UTF-8"?>
<!-- Generated by org.testng.reporters.JUnitXMLReporter -->
<testsuite hostname="DESKTOP-TIV1G2J" ignored="0" name="Sanity" tests="2" failures="0" timestamp="2022-05-09T13:14:22 BST" time="18.367" errors="0">
  <testcase name="verifyJobSearchResultUsingDifferentDataSet" time="5.209" classname="uk.co.library.testsuite.JobSearchTest"/>
  <testcase name="verifyJobSearchResultUsingDifferentDataSet" time="4.125" classname="uk.co.library.testsuite.JobSearchTest"/>
</testsuite> <!-- Sanity -->
